[0.007s] Invoking command in '/home/rafal/dev_ws/src/my_package/build/my_package': CMAKE_PREFIX_PATH=/opt/ros/humble /usr/bin/cmake /home/rafal/dev_ws/src/my_package -DCMAKE_INSTALL_PREFIX=/home/rafal/dev_ws/src/my_package/install/my_package
[0.073s] -- The C compiler identification is GNU 11.4.0
[0.123s] -- The CXX compiler identification is GNU 11.4.0
[0.128s] -- Detecting C compiler ABI info
[0.192s] -- Detecting C compiler ABI info - done
[0.198s] -- Check for working C compiler: /usr/bin/cc - skipped
[0.198s] -- Detecting C compile features
[0.198s] -- Detecting C compile features - done
[0.200s] -- Detecting CXX compiler ABI info
[0.252s] -- Detecting CXX compiler ABI info - done
[0.258s] -- Check for working CXX compiler: /usr/bin/c++ - skipped
[0.258s] -- Detecting CXX compile features
[0.258s] -- Detecting CXX compile features - done
[0.259s] -- Found ament_cmake: 1.3.5 (/opt/ros/humble/share/ament_cmake/cmake)
[0.378s] -- Found Python3: /usr/bin/python3.10 (found version "3.10.12") found components: Interpreter 
[0.431s] -- Found ament_lint_auto: 0.12.7 (/opt/ros/humble/share/ament_lint_auto/cmake)
[0.480s] -- Added test 'cppcheck' to perform static code analysis on C / C++ code
[0.480s] -- Configured cppcheck include dirs: 
[0.480s] -- Configured cppcheck exclude dirs and/or files: 
[0.480s] -- Added test 'flake8' to check Python code syntax and style conventions
[0.481s] -- Added test 'lint_cmake' to check CMake code style
[0.482s] -- Added test 'pep257' to check Python code against some of the docstring style conventions in PEP 257
[0.485s] -- Added test 'uncrustify' to check C / C++ code style
[0.485s] -- Configured uncrustify additional arguments: 
[0.486s] -- Added test 'xmllint' to check XML markup files
[0.486s] -- Configuring done
[0.488s] -- Generating done
[0.488s] -- Build files have been written to: /home/rafal/dev_ws/src/my_package/build/my_package
[0.491s] Invoked command in '/home/rafal/dev_ws/src/my_package/build/my_package' returned '0': CMAKE_PREFIX_PATH=/opt/ros/humble /usr/bin/cmake /home/rafal/dev_ws/src/my_package -DCMAKE_INSTALL_PREFIX=/home/rafal/dev_ws/src/my_package/install/my_package
[0.493s] Invoking command in '/home/rafal/dev_ws/src/my_package/build/my_package': CMAKE_PREFIX_PATH=/opt/ros/humble /usr/bin/cmake --build /home/rafal/dev_ws/src/my_package/build/my_package -- -j16 -l16
[0.522s] Invoked command in '/home/rafal/dev_ws/src/my_package/build/my_package' returned '0': CMAKE_PREFIX_PATH=/opt/ros/humble /usr/bin/cmake --build /home/rafal/dev_ws/src/my_package/build/my_package -- -j16 -l16
[0.548s] Invoking command in '/home/rafal/dev_ws/src/my_package/build/my_package': CMAKE_PREFIX_PATH=/opt/ros/humble /usr/bin/cmake --install /home/rafal/dev_ws/src/my_package/build/my_package
[0.552s] -- Install configuration: ""
[0.552s] -- Installing: /home/rafal/dev_ws/src/my_package/install/my_package/share//launch
[0.552s] -- Installing: /home/rafal/dev_ws/src/my_package/install/my_package/share/ament_index/resource_index/package_run_dependencies/my_package
[0.552s] -- Installing: /home/rafal/dev_ws/src/my_package/install/my_package/share/ament_index/resource_index/parent_prefix_path/my_package
[0.552s] -- Installing: /home/rafal/dev_ws/src/my_package/install/my_package/share/my_package/environment/ament_prefix_path.sh
[0.553s] -- Installing: /home/rafal/dev_ws/src/my_package/install/my_package/share/my_package/environment/ament_prefix_path.dsv
[0.553s] -- Installing: /home/rafal/dev_ws/src/my_package/install/my_package/share/my_package/environment/path.sh
[0.553s] -- Installing: /home/rafal/dev_ws/src/my_package/install/my_package/share/my_package/environment/path.dsv
[0.553s] -- Installing: /home/rafal/dev_ws/src/my_package/install/my_package/share/my_package/local_setup.bash
[0.553s] -- Installing: /home/rafal/dev_ws/src/my_package/install/my_package/share/my_package/local_setup.sh
[0.553s] -- Installing: /home/rafal/dev_ws/src/my_package/install/my_package/share/my_package/local_setup.zsh
[0.553s] -- Installing: /home/rafal/dev_ws/src/my_package/install/my_package/share/my_package/local_setup.dsv
[0.553s] -- Installing: /home/rafal/dev_ws/src/my_package/install/my_package/share/my_package/package.dsv
[0.553s] -- Installing: /home/rafal/dev_ws/src/my_package/install/my_package/share/ament_index/resource_index/packages/my_package
[0.553s] -- Installing: /home/rafal/dev_ws/src/my_package/install/my_package/share/my_package/cmake/my_packageConfig.cmake
[0.553s] -- Installing: /home/rafal/dev_ws/src/my_package/install/my_package/share/my_package/cmake/my_packageConfig-version.cmake
[0.553s] -- Installing: /home/rafal/dev_ws/src/my_package/install/my_package/share/my_package/package.xml
[0.554s] Invoked command in '/home/rafal/dev_ws/src/my_package/build/my_package' returned '0': CMAKE_PREFIX_PATH=/opt/ros/humble /usr/bin/cmake --install /home/rafal/dev_ws/src/my_package/build/my_package
